Flow report for cinnabon
Mon Feb 03 15:23:59 2020
Quartus Prime Version 18.1.0 Build 625 09/12/2018 SJ Lite Edition


---------------------
; Table of Contents ;
---------------------
  1. Legal Notice
  2. Flow Summary
  3. Flow Settings
  4. Flow Non-Default Global Settings
  5. Flow Elapsed Time
  6. Flow OS Summary
  7. Flow Log
  8. Flow Messages
  9. Flow Suppressed Messages



----------------
; Legal Notice ;
----------------
Copyright (C) 2018  Intel Corporation. All rights reserved.
Your use of Intel Corporation's design tools, logic functions 
and other software and tools, and its AMPP partner logic 
functions, and any output files from any of the foregoing 
(including device programming or simulation files), and any 
associated documentation or information are expressly subject 
to the terms and conditions of the Intel Program License 
Subscription Agreement, the Intel Quartus Prime License Agreement,
the Intel FPGA IP License Agreement, or other applicable license
agreement, including, without limitation, that your use is for
the sole purpose of programming logic devices manufactured by
Intel and sold by Intel or its authorized distributors.  Please
refer to the applicable agreement for further details.



+----------------------------------------------------------------------------------+
; Flow Summary                                                                     ;
+------------------------------------+---------------------------------------------+
; Flow Status                        ; Successful - Mon Feb 03 15:23:50 2020       ;
; Quartus Prime Version              ; 18.1.0 Build 625 09/12/2018 SJ Lite Edition ;
; Revision Name                      ; cinnabon                                    ;
; Top-level Entity Name              ; cinnabon                                    ;
; Family                             ; Cyclone IV GX                               ;
; Device                             ; EP4CGX150DF31C7                             ;
; Timing Models                      ; Final                                       ;
; Total logic elements               ; 7,366 / 149,760 ( 5 % )                     ;
;     Total combinational functions  ; 6,009 / 149,760 ( 4 % )                     ;
;     Dedicated logic registers      ; 4,649 / 149,760 ( 3 % )                     ;
; Total registers                    ; 4649                                        ;
; Total pins                         ; 467 / 508 ( 92 % )                          ;
; Total virtual pins                 ; 1                                           ;
; Total memory bits                  ; 1,105,912 / 6,635,520 ( 17 % )              ;
; Embedded Multiplier 9-bit elements ; 0 / 720 ( 0 % )                             ;
; Total GXB Receiver Channel PCS     ; 1 / 8 ( 13 % )                              ;
; Total GXB Receiver Channel PMA     ; 1 / 8 ( 13 % )                              ;
; Total GXB Transmitter Channel PCS  ; 1 / 8 ( 13 % )                              ;
; Total GXB Transmitter Channel PMA  ; 1 / 8 ( 13 % )                              ;
; Total PLLs                         ; 1 / 8 ( 13 % )                              ;
+------------------------------------+---------------------------------------------+


+-----------------------------------------+
; Flow Settings                           ;
+-------------------+---------------------+
; Option            ; Setting             ;
+-------------------+---------------------+
; Start date & time ; 02/03/2020 15:21:07 ;
; Main task         ; Compilation         ;
; Revision Name     ; cinnabon            ;
+-------------------+---------------------+


+------------------------------------------------------------------------------------------------------------------------------------------------------------------+
; Flow Non-Default Global Settings                                                                                                                                 ;
+---------------------------------------------------+-----------------------------------------------------------------+---------------+---------------+------------+
; Assignment Name                                   ; Value                                                           ; Default Value ; Entity Name   ; Section Id ;
+---------------------------------------------------+-----------------------------------------------------------------+---------------+---------------+------------+
; COMPILER_SIGNATURE_ID                             ; 1095490343351.158076126705916                                   ; --            ; --            ; --         ;
; CYCLONEII_OPTIMIZATION_TECHNIQUE                  ; Speed                                                           ; Balanced      ; --            ; --         ;
; FITTER_EFFORT                                     ; Standard Fit                                                    ; Auto Fit      ; --            ; --         ;
; MISC_FILE                                         ; cinnabon_qsys/synthesis/../cinnabon_qsys.cmp                    ; --            ; --            ; --         ;
; MISC_FILE                                         ; cinnabon_qsys/synthesis/../../cinnabon_qsys.qsys                ; --            ; --            ; --         ;
; OUTPUT_IO_TIMING_FAR_END_VMEAS                    ; Half Signal Swing                                               ; --            ; --            ; --         ;
; OUTPUT_IO_TIMING_FAR_END_VMEAS                    ; Half Signal Swing                                               ; --            ; --            ; --         ;
; OUTPUT_IO_TIMING_NEAR_END_VMEAS                   ; Half Vccio                                                      ; --            ; --            ; --         ;
; OUTPUT_IO_TIMING_NEAR_END_VMEAS                   ; Half Vccio                                                      ; --            ; --            ; --         ;
; PARTITION_COLOR                                   ; -- (Not supported for targeted family)                          ; --            ; --            ; Top        ;
; PARTITION_FITTER_PRESERVATION_LEVEL               ; -- (Not supported for targeted family)                          ; --            ; --            ; Top        ;
; PARTITION_NETLIST_TYPE                            ; -- (Not supported for targeted family)                          ; --            ; --            ; Top        ;
; PHYSICAL_SYNTHESIS_ASYNCHRONOUS_SIGNAL_PIPELINING ; On                                                              ; Off           ; --            ; --         ;
; PHYSICAL_SYNTHESIS_COMBO_LOGIC                    ; On                                                              ; Off           ; --            ; --         ;
; PHYSICAL_SYNTHESIS_EFFORT                         ; Extra                                                           ; Normal        ; --            ; --         ;
; PHYSICAL_SYNTHESIS_REGISTER_DUPLICATION           ; On                                                              ; Off           ; --            ; --         ;
; PHYSICAL_SYNTHESIS_REGISTER_RETIMING              ; On                                                              ; Off           ; --            ; --         ;
; SLD_FILE                                          ; cinnabon_qsys/synthesis/cinnabon_qsys.regmap                    ; --            ; --            ; --         ;
; SLD_FILE                                          ; cinnabon_qsys/synthesis/cinnabon_qsys.debuginfo                 ; --            ; --            ; --         ;
; SLD_INFO                                          ; QSYS_NAME cinnabon_qsys HAS_SOPCINFO 1 GENERATION_ID 1580680640 ; --            ; cinnabon_qsys ; --         ;
; SOPCINFO_FILE                                     ; cinnabon_qsys/synthesis/../../cinnabon_qsys.sopcinfo            ; --            ; --            ; --         ;
; SYNTHESIS_ONLY_QIP                                ; On                                                              ; --            ; --            ; --         ;
+---------------------------------------------------+-----------------------------------------------------------------+---------------+---------------+------------+


+--------------------------------------------------------------------------------------------------------------------------+
; Flow Elapsed Time                                                                                                        ;
+----------------------+--------------+-------------------------+---------------------+------------------------------------+
; Module Name          ; Elapsed Time ; Average Processors Used ; Peak Virtual Memory ; Total CPU Time (on all processors) ;
+----------------------+--------------+-------------------------+---------------------+------------------------------------+
; Analysis & Synthesis ; 00:00:58     ; 1.0                     ; 1141 MB             ; 00:01:10                           ;
; Fitter               ; 00:01:29     ; 1.1                     ; 1875 MB             ; 00:02:28                           ;
; Assembler            ; 00:00:08     ; 1.0                     ; 673 MB              ; 00:00:08                           ;
; Timing Analyzer      ; 00:00:08     ; 1.4                     ; 937 MB              ; 00:00:09                           ;
; Total                ; 00:02:43     ; --                      ; --                  ; 00:03:55                           ;
+----------------------+--------------+-------------------------+---------------------+------------------------------------+


+-------------------------------------------------------------------------------------+
; Flow OS Summary                                                                     ;
+----------------------+------------------+-------------+------------+----------------+
; Module Name          ; Machine Hostname ; OS Name     ; OS Version ; Processor type ;
+----------------------+------------------+-------------+------------+----------------+
; Analysis & Synthesis ; HAL9000          ; Windows 8.1 ; 6.3        ; x86_64         ;
; Fitter               ; HAL9000          ; Windows 8.1 ; 6.3        ; x86_64         ;
; Assembler            ; HAL9000          ; Windows 8.1 ; 6.3        ; x86_64         ;
; Timing Analyzer      ; HAL9000          ; Windows 8.1 ; 6.3        ; x86_64         ;
+----------------------+------------------+-------------+------------+----------------+


------------
; Flow Log ;
------------
quartus_map --read_settings_files=on --write_settings_files=off cinnabon -c cinnabon
quartus_fit --read_settings_files=off --write_settings_files=off cinnabon -c cinnabon
quartus_asm --read_settings_files=off --write_settings_files=off cinnabon -c cinnabon
quartus_sta cinnabon -c cinnabon



