#
# A fatal error has been detected by the Java Runtime Environment:
#
#  EXCEPTION_ACCESS_VIOLATION (0xc0000005) at pc=0x0000000057ad6812, pid=16488, tid=2316
#
# JRE version: Java(TM) SE Runtime Environment (8.0_05-b13) (build 1.8.0_05-b13)
# Java VM: Java HotSpot(TM) 64-Bit Server VM (25.5-b02 mixed mode windows-amd64 compressed oops)
# Problematic frame:
# V  [jvm.dll+0x4d6812]
#
# Failed to write core dump. Minidumps are not enabled by default on client versions of Windows
#
# If you would like to submit a bug report, please visit:
#   http://bugreport.sun.com/bugreport/crash.jsp
#

---------------  T H R E A D  ---------------

Current thread (0x0000000012fc1800):  JavaThread "C2 CompilerThread1" daemon [_thread_in_native, id=2316, stack(0x00000000146a0000,0x00000000147a0000)]

siginfo: ExceptionCode=0xc0000005, reading address 0x0000000c00005585

Registers:
RAX=0x0000000c0000555d, RBX=0x0000000012fed7d8, RCX=0x0000000015f82a08, RDX=0x0000000012fed7a0
RSP=0x000000001479bcf0, RBP=0x000000001479bd60, RSI=0x0000000015f82ad0, RDI=0x00000000223b11e8
R8 =0x0000000012fee0f0, R9 =0x0000000012fee0f0, R10=0x0000000012fee0f0, R11=0x0000000015edc830
R12=0x0000000015edc808, R13=0x0000000015f82a08, R14=0x0000000015f82b38, R15=0x000000001479d2f0
RIP=0x0000000057ad6812, EFLAGS=0x0000000000010297

Top of Stack: (sp=0x000000001479bcf0)
0x000000001479bcf0:   0000000015f82a00 000000001479d2f0
0x000000001479bd00:   0000000000000017 00000000222b01d0
0x000000001479bd10:   0000000002999960 0000000000001000
0x000000001479bd20:   0000000015c168a0 0000000000000029
0x000000001479bd30:   0000000057c2b968 0000000002999960
0x000000001479bd40:   0000000000000400 00000000223ba500
0x000000001479bd50:   0000000000000018 0000000057ad597a
0x000000001479bd60:   0000000000000028 000000001839c4f0
0x000000001479bd70:   0000000018394a10 000000001479e980
0x000000001479bd80:   000000001479bec0 0000000057ad7329
0x000000001479bd90:   0000000015f82b40 000000001839c9f8
0x000000001479bda0:   0000000000031960 000000001479d2f0
0x000000001479bdb0:   0000000002999960 0000000057a42627
0x000000001479bdc0:   0000000002999900 000000001479e900
0x000000001479bdd0:   000000001479bec0 000000001479e980
0x000000001479bde0:   0000000000000000 0000000057ad5357 

Instructions: (pc=0x0000000057ad6812)
0x0000000057ad67f2:   48 83 c3 08 49 3b dc 0f 82 71 ff ff ff 41 8b 4d
0x0000000057ad6802:   28 49 8b 47 48 48 8b 1c c8 49 8b 45 00 49 8b cd
0x0000000057ad6812:   ff 50 28 48 3b c3 74 63 41 8b 4d 28 8b c1 c1 e8
0x0000000057ad6822:   05 3b 45 e0 72 0f 48 8b 45 d0 8b d1 48 8d 4d d0 


Register to memory mapping:

RAX=0x0000000c0000555d is an unknown value
RBX=0x0000000012fed7d8 is an unknown value
RCX=0x0000000015f82a08 is an unknown value
RDX=0x0000000012fed7a0 is an unknown value
RSP=0x000000001479bcf0 is pointing into the stack for thread: 0x0000000012fc1800
RBP=0x000000001479bd60 is pointing into the stack for thread: 0x0000000012fc1800
RSI=0x0000000015f82ad0 is an unknown value
RDI=0x00000000223b11e8 is an unknown value
R8 =0x0000000012fee0f0 is an unknown value
R9 =0x0000000012fee0f0 is an unknown value
R10=0x0000000012fee0f0 is an unknown value
R11=0x0000000015edc830 is an unknown value
R12=0x0000000015edc808 is an unknown value
R13=0x0000000015f82a08 is an unknown value
R14=0x0000000015f82b38 is an unknown value
R15=0x000000001479d2f0 is pointing into the stack for thread: 0x0000000012fc1800


Stack: [0x00000000146a0000,0x00000000147a0000],  sp=0x000000001479bcf0,  free space=1007k
Native frames: (J=compiled Java code, j=interpreted, Vv=VM code, C=native code)
V  [jvm.dll+0x4d6812]
V  [jvm.dll+0x4d7329]
V  [jvm.dll+0x442627]
V  [jvm.dll+0x44366b]
V  [jvm.dll+0x427532]
V  [jvm.dll+0x96702]
V  [jvm.dll+0x96ef3]
V  [jvm.dll+0x2232c4]
V  [jvm.dll+0x27baca]
C  [msvcr100.dll+0x21d9f]
C  [msvcr100.dll+0x21e3b]
C  [KERNEL32.DLL+0x17bd4]
C  [ntdll.dll+0x6ced1]


Current CompileTask:
C2: 548133 13831   !   4       tcl.lang.StringCmd::cmdProc (3926 bytes)


---------------  P R O C E S S  ---------------

Java Threads: ( => current thread )
  0x0000000015630800 JavaThread "Thread-31" [_thread_in_Java, id=10612, stack(0x0000000000db0000,0x0000000000eb0000)]
  0x0000000023958000 JavaThread "Tcl Isolation Thread" daemon [_thread_blocked, id=2976, stack(0x0000000018c00000,0x0000000018d00000)]
  0x0000000015636800 JavaThread "Swing-Shell" daemon [_thread_blocked, id=14224, stack(0x00000000213e0000,0x00000000214e0000)]
  0x0000000017b32800 JavaThread "D3D Screen Updater" daemon [_thread_blocked, id=140, stack(0x0000000013d00000,0x0000000013e00000)]
  0x000000001540f800 JavaThread "TimerQueue" daemon [_thread_blocked, id=6224, stack(0x000000001f800000,0x000000001f900000)]
  0x0000000015d78800 JavaThread "AWT-EventQueue-0" [_thread_blocked, id=11460, stack(0x0000000018b00000,0x0000000018c00000)]
  0x00000000156b2000 JavaThread "Command Watcher" daemon [_thread_blocked, id=8672, stack(0x0000000013300000,0x0000000013400000)]
  0x00000000153a9800 JavaThread "AWT-Windows" daemon [_thread_in_native, id=16316, stack(0x0000000016ab0000,0x0000000016bb0000)]
  0x0000000015246800 JavaThread "AWT-Shutdown" [_thread_blocked, id=11988, stack(0x00000000169b0000,0x0000000016ab0000)]
  0x00000000153c5000 JavaThread "Java2D Disposer" daemon [_thread_blocked, id=2780, stack(0x00000000168b0000,0x00000000169b0000)]
  0x0000000013040000 JavaThread "Service Thread" daemon [_thread_blocked, id=5072, stack(0x00000000149a0000,0x0000000014aa0000)]
  0x0000000012fc9000 JavaThread "C1 CompilerThread3" daemon [_thread_blocked, id=14056, stack(0x00000000148a0000,0x00000000149a0000)]
  0x0000000012fc6000 JavaThread "C2 CompilerThread2" daemon [_thread_in_native, id=16512, stack(0x00000000147a0000,0x00000000148a0000)]
=>0x0000000012fc1800 JavaThread "C2 CompilerThread1" daemon [_thread_in_native, id=2316, stack(0x00000000146a0000,0x00000000147a0000)]
  0x0000000012fbd800 JavaThread "C2 CompilerThread0" daemon [_thread_in_native, id=11512, stack(0x00000000145a0000,0x00000000146a0000)]
  0x0000000012fbc000 JavaThread "Attach Listener" daemon [_thread_blocked, id=12788, stack(0x00000000144a0000,0x00000000145a0000)]
  0x0000000012fba000 JavaThread "Signal Dispatcher" daemon [_thread_blocked, id=6264, stack(0x00000000143a0000,0x00000000144a0000)]
  0x0000000002993800 JavaThread "Finalizer" daemon [_thread_blocked, id=12900, stack(0x0000000013560000,0x0000000013660000)]
  0x000000000298c000 JavaThread "Reference Handler" daemon [_thread_blocked, id=10684, stack(0x0000000013200000,0x0000000013300000)]
  0x00000000028a8000 JavaThread "main" [_thread_blocked, id=980, stack(0x0000000002d10000,0x0000000002e10000)]

Other Threads:
  0x0000000002985800 VMThread [stack: 0x0000000013460000,0x0000000013560000] [id=17128]
  0x0000000013063000 WatcherThread [stack: 0x0000000014aa0000,0x0000000014ba0000] [id=12584]

VM state:not at safepoint (normal execution)

VM Mutex/Monitor currently owned by a thread: None

Heap:
 def new generation   total 58496K, used 45333K [0x00000000a2400000, 0x00000000a6370000, 0x00000000c1800000)
  eden space 52032K,  82% used [0x00000000a2400000, 0x00000000a4e13e80, 0x00000000a56d0000)
  from space 6464K,  34% used [0x00000000a56d0000, 0x00000000a59018a8, 0x00000000a5d20000)
  to   space 6464K,   0% used [0x00000000a5d20000, 0x00000000a5d20000, 0x00000000a6370000)
 tenured generation   total 129792K, used 95963K [0x00000000c1800000, 0x00000000c96c0000, 0x0000000100000000)
   the space 129792K,  73% used [0x00000000c1800000, 0x00000000c75b6fc8, 0x00000000c75b7000, 0x00000000c96c0000)
 Metaspace       used 49894K, capacity 51238K, committed 51576K, reserved 1093632K
  class space    used 6917K, capacity 7171K, committed 7288K, reserved 1048576K

Card table byte_map: [0x00000000121d0000,0x00000000124c0000] byte_map_base: 0x0000000011cbe000

Polling page: 0x0000000000aa0000

CodeCache: size=245760Kb used=39688Kb max_used=40879Kb free=206071Kb
 bounds [0x0000000002e10000, 0x0000000005670000, 0x0000000011e10000]
 total_blobs=11722 nmethods=11054 adapters=576
 compilation: enabled

Compilation events (10 events):
Event: 548.063 Thread 0x0000000012fc9000 nmethod 13869 0x00000000037fca90 code [0x00000000037fcc60, 0x00000000037fd428]
Event: 548.063 Thread 0x0000000012fc9000 13870       3       com.altera.sopcmodel.avalon.AvalonMasterConnectionPoint::setConstantBurstBehavior (25 bytes)
Event: 548.063 Thread 0x0000000012fc9000 nmethod 13870 0x0000000003b32a90 code [0x0000000003b32c20, 0x0000000003b33088]
Event: 548.065 Thread 0x0000000012fc9000 13871       3       com.altera.sopcmodel.avalon.AvalonMasterConnectionPoint::setMaximumPendingWriteTransactions (25 bytes)
Event: 548.065 Thread 0x0000000012fc9000 nmethod 13871 0x0000000003d39610 code [0x0000000003d397e0, 0x0000000003d39fa8]
Event: 548.070 Thread 0x0000000012fc6000 nmethod 13851 0x00000000049f0d10 code [0x00000000049f1060, 0x00000000049f2cf8]
Event: 548.070 Thread 0x0000000012fc6000 13854       4       com.altera.sopcmodel.ensemble.Ensemble::updateReturningConnectionPointParameters (112 bytes)
Event: 548.073 Thread 0x0000000012fc6000 nmethod 13854 0x0000000004a489d0 code [0x0000000004a48b60, 0x0000000004a48f98]
Event: 548.073 Thread 0x0000000012fc6000 13872       4       tcl.lang.Util::strtoul (315 bytes)
Event: 548.083 Thread 0x0000000012fc6000 nmethod 13872 0x00000000033e9910 code [0x00000000033e9ae0, 0x00000000033ea560]

GC Heap History (10 events):
Event: 547.324 GC heap before
{Heap before GC invocations=200 (full 2):
 def new generation   total 58496K, used 54529K [0x00000000a2400000, 0x00000000a6370000, 0x00000000c1800000)
  eden space 52032K, 100% used [0x00000000a2400000, 0x00000000a56d0000, 0x00000000a56d0000)
  from space 6464K,  38% used [0x00000000a5d20000, 0x00000000a5f90668, 0x00000000a6370000)
  to   space 6464K,   0% used [0x00000000a56d0000, 0x00000000a56d0000, 0x00000000a5d20000)
 tenured generation   total 129792K, used 87932K [0x00000000c1800000, 0x00000000c96c0000, 0x0000000100000000)
   the space 129792K,  67% used [0x00000000c1800000, 0x00000000c6ddf308, 0x00000000c6ddf400, 0x00000000c96c0000)
 Metaspace       used 49665K, capacity 50888K, committed 50936K, reserved 1093632K
  class space    used 6897K, capacity 7133K, committed 7160K, reserved 1048576K
Event: 547.335 GC heap after
Heap after GC invocations=201 (full 2):
 def new generation   total 58496K, used 6198K [0x00000000a2400000, 0x00000000a6370000, 0x00000000c1800000)
  eden space 52032K,   0% used [0x00000000a2400000, 0x00000000a2400000, 0x00000000a56d0000)
  from space 6464K,  95% used [0x00000000a56d0000, 0x00000000a5cdd878, 0x00000000a5d20000)
  to   space 6464K,   0% used [0x00000000a5d20000, 0x00000000a5d20000, 0x00000000a6370000)
 tenured generation   total 129792K, used 87932K [0x00000000c1800000, 0x00000000c96c0000, 0x0000000100000000)
   the space 129792K,  67% used [0x00000000c1800000, 0x00000000c6ddf308, 0x00000000c6ddf400, 0x00000000c96c0000)
 Metaspace       used 49665K, capacity 50888K, committed 50936K, reserved 1093632K
  class space    used 6897K, capacity 7133K, committed 7160K, reserved 1048576K
}
Event: 547.336 GC heap before
{Heap before GC invocations=201 (full 2):
 def new generation   total 58496K, used 7137K [0x00000000a2400000, 0x00000000a6370000, 0x00000000c1800000)
  eden space 52032K,   1% used [0x00000000a2400000, 0x00000000a24ead08, 0x00000000a56d0000)
  from space 6464K,  95% used [0x00000000a56d0000, 0x00000000a5cdd878, 0x00000000a5d20000)
  to   space 6464K,   0% used [0x00000000a5d20000, 0x00000000a5d20000, 0x00000000a6370000)
 tenured generation   total 129792K, used 87932K [0x00000000c1800000, 0x00000000c96c0000, 0x0000000100000000)
   the space 129792K,  67% used [0x00000000c1800000, 0x00000000c6ddf308, 0x00000000c6ddf400, 0x00000000c96c0000)
 Metaspace       used 49665K, capacity 50888K, committed 50936K, reserved 1093632K
  class space    used 6897K, capacity 7133K, committed 7160K, reserved 1048576K
Event: 547.346 GC heap after
Heap after GC invocations=202 (full 2):
 def new generation   total 58496K, used 0K [0x00000000a2400000, 0x00000000a6370000, 0x00000000c1800000)
  eden space 52032K,   0% used [0x00000000a2400000, 0x00000000a2400000, 0x00000000a56d0000)
  from space 6464K,   0% used [0x00000000a5d20000, 0x00000000a5d20208, 0x00000000a6370000)
  to   space 6464K,   0% used [0x00000000a56d0000, 0x00000000a56d0000, 0x00000000a5d20000)
 tenured generation   total 129792K, used 94130K [0x00000000c1800000, 0x00000000c96c0000, 0x0000000100000000)
   the space 129792K,  72% used [0x00000000c1800000, 0x00000000c73ec8c0, 0x00000000c73eca00, 0x00000000c96c0000)
 Metaspace       used 49665K, capacity 50888K, committed 50936K, reserved 1093632K
  class space    used 6897K, capacity 7133K, committed 7160K, reserved 1048576K
}
Event: 547.436 GC heap before
{Heap before GC invocations=202 (full 2):
 def new generation   total 58496K, used 52032K [0x00000000a2400000, 0x00000000a6370000, 0x00000000c1800000)
  eden space 52032K, 100% used [0x00000000a2400000, 0x00000000a56d0000, 0x00000000a56d0000)
  from space 6464K,   0% used [0x00000000a5d20000, 0x00000000a5d20208, 0x00000000a6370000)
  to   space 6464K,   0% used [0x00000000a56d0000, 0x00000000a56d0000, 0x00000000a5d20000)
 tenured generation   total 129792K, used 94130K [0x00000000c1800000, 0x00000000c96c0000, 0x0000000100000000)
   the space 129792K,  72% used [0x00000000c1800000, 0x00000000c73ec8c0, 0x00000000c73eca00, 0x00000000c96c0000)
 Metaspace       used 49701K, capacity 50952K, committed 51192K, reserved 1093632K
  class space    used 6897K, capacity 7133K, committed 7160K, reserved 1048576K
Event: 547.444 GC heap after
Heap after GC invocations=203 (full 2):
 def new generation   total 58496K, used 2150K [0x00000000a2400000, 0x00000000a6370000, 0x00000000c1800000)
  eden space 52032K,   0% used [0x00000000a2400000, 0x00000000a2400000, 0x00000000a56d0000)
  from space 6464K,  33% used [0x00000000a56d0000, 0x00000000a58e9ab0, 0x00000000a5d20000)
  to   space 6464K,   0% used [0x00000000a5d20000, 0x00000000a5d20000, 0x00000000a6370000)
 tenured generation   total 129792K, used 94130K [0x00000000c1800000, 0x00000000c96c0000, 0x0000000100000000)
   the space 129792K,  72% used [0x00000000c1800000, 0x00000000c73ec8c0, 0x00000000c73eca00, 0x00000000c96c0000)
 Metaspace       used 49701K, capacity 50952K, committed 51192K, reserved 1093632K
  class space    used 6897K, capacity 7133K, committed 7160K, reserved 1048576K
}
Event: 547.920 GC heap before
{Heap before GC invocations=203 (full 2):
 def new generation   total 58496K, used 54182K [0x00000000a2400000, 0x00000000a6370000, 0x00000000c1800000)
  eden space 52032K, 100% used [0x00000000a2400000, 0x00000000a56d0000, 0x00000000a56d0000)
  from space 6464K,  33% used [0x00000000a56d0000, 0x00000000a58e9ab0, 0x00000000a5d20000)
  to   space 6464K,   0% used [0x00000000a5d20000, 0x00000000a5d20000, 0x00000000a6370000)
 tenured generation   total 129792K, used 94130K [0x00000000c1800000, 0x00000000c96c0000, 0x0000000100000000)
   the space 129792K,  72% used [0x00000000c1800000, 0x00000000c73ec8c0, 0x00000000c73eca00, 0x00000000c96c0000)
 Metaspace       used 49738K, capacity 50970K, committed 51192K, reserved 1093632K
  class space    used 6898K, capacity 7137K, committed 7160K, reserved 1048576K
Event: 547.932 GC heap after
Heap after GC invocations=204 (full 2):
 def new generation   total 58496K, used 4227K [0x00000000a2400000, 0x00000000a6370000, 0x00000000c1800000)
  eden space 52032K,   0% used [0x00000000a2400000, 0x00000000a2400000, 0x00000000a56d0000)
  from space 6464K,  65% used [0x00000000a5d20000, 0x00000000a6140f00, 0x00000000a6370000)
  to   space 6464K,   0% used [0x00000000a56d0000, 0x00000000a56d0000, 0x00000000a5d20000)
 tenured generation   total 129792K, used 94130K [0x00000000c1800000, 0x00000000c96c0000, 0x0000000100000000)
   the space 129792K,  72% used [0x00000000c1800000, 0x00000000c73ec8c0, 0x00000000c73eca00, 0x00000000c96c0000)
 Metaspace       used 49738K, capacity 50970K, committed 51192K, reserved 1093632K
  class space    used 6898K, capacity 7137K, committed 7160K, reserved 1048576K
}
Event: 548.043 GC heap before
{Heap before GC invocations=204 (full 2):
 def new generation   total 58496K, used 56259K [0x00000000a2400000, 0x00000000a6370000, 0x00000000c1800000)
  eden space 52032K, 100% used [0x00000000a2400000, 0x00000000a56d0000, 0x00000000a56d0000)
  from space 6464K,  65% used [0x00000000a5d20000, 0x00000000a6140f00, 0x00000000a6370000)
  to   space 6464K,   0% used [0x00000000a56d0000, 0x00000000a56d0000, 0x00000000a5d20000)
 tenured generation   total 129792K, used 94130K [0x00000000c1800000, 0x00000000c96c0000, 0x0000000100000000)
   the space 129792K,  72% used [0x00000000c1800000, 0x00000000c73ec8c0, 0x00000000c73eca00, 0x00000000c96c0000)
 Metaspace       used 49769K, capacity 51040K, committed 51192K, reserved 1093632K
  class space    used 6899K, capacity 7138K, committed 7160K, reserved 1048576K
Event: 548.053 GC heap after
Heap after GC invocations=205 (full 2):
 def new generation   total 58496K, used 2246K [0x00000000a2400000, 0x00000000a6370000, 0x00000000c1800000)
  eden space 52032K,   0% used [0x00000000a2400000, 0x00000000a2400000, 0x00000000a56d0000)
  from space 6464K,  34% used [0x00000000a56d0000, 0x00000000a59018a8, 0x00000000a5d20000)
  to   space 6464K,   0% used [0x00000000a5d20000, 0x00000000a5d20000, 0x00000000a6370000)
 tenured generation   total 129792K, used 95963K [0x00000000c1800000, 0x00000000c96c0000, 0x0000000100000000)
   the space 129792K,  73% used [0x00000000c1800000, 0x00000000c75b6fc8, 0x00000000c75b7000, 0x00000000c96c0000)
 Metaspace       used 49769K, capacity 51040K, committed 51192K, reserved 1093632K
  class space    used 6899K, capacity 7138K, committed 7160K, reserved 1048576K
}

Deoptimization events (10 events):
Event: 545.463 Thread 0x0000000015630800 Uncommon trap: reason=class_check action=maybe_recompile pc=0x00000000051b1c24 method=com.sun.org.apache.xerces.internal.impl.xs.XMLSchemaValidator.processAttributes(Lcom/sun/org/apache/xerces/internal/xni/QName;Lcom/sun/org/apache/xerces/internal/xni/XMLAååiµÅ@
Event: 545.463 Thread 0x0000000015630800 Uncommon trap: reason=class_check action=maybe_recompile pc=0x00000000051b1c24 method=com.sun.org.apache.xerces.internal.impl.xs.XMLSchemaValidator.processAttributes(Lcom/sun/org/apache/xerces/internal/xni/QName;Lcom/sun/org/apache/xerces/internal/xni/XMLA@<7Å@
Event: 545.902 Thread 0x0000000015630800 Uncommon trap: reason=array_check action=maybe_recompile pc=0x00000000052f8848 method=sun.reflect.annotation.AnnotationParser.parseEnumArray(ILjava/lang/Class;Ljava/nio/ByteBuffer;Lsun/reflect/ConstantPool;Ljava/lang/Class;)Ljava/lang/Object; @ 53
Event: 545.902 Thread 0x0000000015630800 Uncommon trap: reason=array_check action=maybe_recompile pc=0x00000000052f8848 method=sun.reflect.annotation.AnnotationParser.parseEnumArray(ILjava/lang/Class;Ljava/nio/ByteBuffer;Lsun/reflect/ConstantPool;Ljava/lang/Class;)Ljava/lang/Object; @ 53
Event: 545.902 Thread 0x0000000015630800 Uncommon trap: reason=array_check action=maybe_recompile pc=0x00000000052f8848 method=sun.reflect.annotation.AnnotationParser.parseEnumArray(ILjava/lang/Class;Ljava/nio/ByteBuffer;Lsun/reflect/ConstantPool;Ljava/lang/Class;)Ljava/lang/Object; @ 53
Event: 545.902 Thread 0x0000000015630800 Uncommon trap: reason=array_check action=maybe_recompile pc=0x00000000052f8848 method=sun.reflect.annotation.AnnotationParser.parseEnumArray(ILjava/lang/Class;Ljava/nio/ByteBuffer;Lsun/reflect/ConstantPool;Ljava/lang/Class;)Ljava/lang/Object; @ 53
Event: 545.961 Thread 0x0000000015630800 Uncommon trap: reason=unreached action=reinterpret pc=0x0000000004f90d34 method=com.altera.sopcmodel.components.tclmodule.LiveModuleClass.getHelper()Lcom/altera/sopcmodel/components/tclmodule/LiveModuleHelper; @ 16
Event: 547.296 Thread 0x0000000015630800 Uncommon trap: reason=unreached action=reinterpret pc=0x00000000043986b4 method=com.altera.sopcmodel.components.tclmodule.LiveModuleClass.getHelper()Lcom/altera/sopcmodel/components/tclmodule/LiveModuleHelper; @ 16
Event: 547.860 Thread 0x0000000015d78800 Uncommon trap: reason=unreached action=reinterpret pc=0x0000000004f20ac4 method=javax.swing.text.html.parser.Parser.legalElementContext(Ljavax/swing/text/html/parser/Element;)Z @ 170
Event: 548.019 Thread 0x0000000015630800 Uncommon trap: reason=null_check action=make_not_entrant pc=0x0000000004efa2ec method=com.altera.sopcmodel.ensemble.Ensemble.updateMissingConnectionPointParameters(Lcom/altera/entityinterfaces/IElement;Ljava/util/List;Ljava/util/List;)V @ 52

Internal exceptions (10 events):
Event: 545.455 Thread 0x0000000015630800 Exception <a 'java/security/PrivilegedActionException'> (0x00000000a327ee90) thrown at [D:\re\workspace\8-2-build-windows-amd64-cygwin\jdk8u5\2488\hotspot\src\share\vm\prims\jvm.cpp, line 1248]
Event: 545.456 Thread 0x0000000015630800 Exception <a 'java/security/PrivilegedActionException'> (0x00000000a3295898) thrown at [D:\re\workspace\8-2-build-windows-amd64-cygwin\jdk8u5\2488\hotspot\src\share\vm\prims\jvm.cpp, line 1248]
Event: 545.456 Thread 0x0000000015630800 Exception <a 'java/security/PrivilegedActionException'> (0x00000000a32a31e0) thrown at [D:\re\workspace\8-2-build-windows-amd64-cygwin\jdk8u5\2488\hotspot\src\share\vm\prims\jvm.cpp, line 1248]
Event: 545.457 Thread 0x0000000015630800 Exception <a 'java/security/PrivilegedActionException'> (0x00000000a32b1fd8) thrown at [D:\re\workspace\8-2-build-windows-amd64-cygwin\jdk8u5\2488\hotspot\src\share\vm\prims\jvm.cpp, line 1248]
Event: 545.457 Thread 0x0000000015630800 Exception <a 'java/security/PrivilegedActionException'> (0x00000000a32c0160) thrown at [D:\re\workspace\8-2-build-windows-amd64-cygwin\jdk8u5\2488\hotspot\src\share\vm\prims\jvm.cpp, line 1248]
Event: 545.460 Thread 0x0000000015630800 Exception <a 'java/security/PrivilegedActionException'> (0x00000000a34f1608) thrown at [D:\re\workspace\8-2-build-windows-amd64-cygwin\jdk8u5\2488\hotspot\src\share\vm\prims\jvm.cpp, line 1248]
Event: 545.962 Thread 0x0000000015630800 Exception <a 'java/security/PrivilegedActionException'> (0x00000000a49c8608) thrown at [D:\re\workspace\8-2-build-windows-amd64-cygwin\jdk8u5\2488\hotspot\src\share\vm\prims\jvm.cpp, line 1248]
Event: 545.962 Thread 0x0000000015630800 Exception <a 'java/security/PrivilegedActionException'> (0x00000000a49d25e8) thrown at [D:\re\workspace\8-2-build-windows-amd64-cygwin\jdk8u5\2488\hotspot\src\share\vm\prims\jvm.cpp, line 1248]
Event: 547.458 Thread 0x0000000015630800 Exception <a 'java/security/PrivilegedActionException'> (0x00000000a272a948) thrown at [D:\re\workspace\8-2-build-windows-amd64-cygwin\jdk8u5\2488\hotspot\src\share\vm\prims\jvm.cpp, line 1248]
Event: 547.458 Thread 0x0000000015630800 Exception <a 'java/security/PrivilegedActionException'> (0x00000000a273a878) thrown at [D:\re\workspace\8-2-build-windows-amd64-cygwin\jdk8u5\2488\hotspot\src\share\vm\prims\jvm.cpp, line 1248]

Events (10 events):
Event: 547.996 Executing VM operation: BulkRevokeBias done
Event: 548.019 Thread 0x0000000015630800 DEOPT PACKING pc=0x0000000003271598 sp=0x0000000000eada20
Event: 548.019 Thread 0x0000000015630800 DEOPT UNPACKING pc=0x0000000002e57604 sp=0x0000000000ead7b8 mode 0
Event: 548.019 Thread 0x0000000015630800 Uncommon trap: trap_request=0xfffffff4 fr.pc=0x0000000004efa2ec
Event: 548.019 Thread 0x0000000015630800 DEOPT PACKING pc=0x0000000004efa2ec sp=0x0000000000eadab0
Event: 548.019 Thread 0x0000000015630800 DEOPT UNPACKING pc=0x0000000002e555af sp=0x0000000000eada48 mode 2
Event: 548.042 Executing VM operation: GenCollectForAllocation
Event: 548.053 Executing VM operation: GenCollectForAllocation done
Event: 548.067 Executing VM operation: BulkRevokeBias
Event: 548.067 Executing VM operation: BulkRevokeBias done


Dynamic libraries:
0x00007ff6a8e20000 - 0x00007ff6a8e54000 	D:\intelfpga\16.1\quartus\bin64\jre64\bin\java.exe
0x00007fff60e40000 - 0x00007fff61030000 	C:\WINDOWS\SYSTEM32\ntdll.dll
0x00007fff5fd00000 - 0x00007fff5fdb2000 	C:\WINDOWS\System32\KERNEL32.DLL
0x00007fff5e730000 - 0x00007fff5e9d3000 	C:\WINDOWS\System32\KERNELBASE.dll
0x00007fff5fb30000 - 0x00007fff5fbd3000 	C:\WINDOWS\System32\ADVAPI32.dll
0x00007fff604b0000 - 0x00007fff6054e000 	C:\WINDOWS\System32\msvcrt.dll
0x00007fff609c0000 - 0x00007fff60a57000 	C:\WINDOWS\System32\sechost.dll
0x00007fff5f870000 - 0x00007fff5f990000 	C:\WINDOWS\System32\RPCRT4.dll
0x00007fff60c60000 - 0x00007fff60df4000 	C:\WINDOWS\System32\USER32.dll
0x00007fff5ea00000 - 0x00007fff5ea21000 	C:\WINDOWS\System32\win32u.dll
0x00007fff5fbe0000 - 0x00007fff5fc06000 	C:\WINDOWS\System32\GDI32.dll
0x00007fff5ee30000 - 0x00007fff5efc4000 	C:\WINDOWS\System32\gdi32full.dll
0x00007fff5e630000 - 0x00007fff5e6ce000 	C:\WINDOWS\System32\msvcp_win.dll
0x00007fff5eab0000 - 0x00007fff5ebaa000 	C:\WINDOWS\System32\ucrtbase.dll
0x00007fff4dd80000 - 0x00007fff4e005000 	C:\WINDOWS\WinSxS\amd64_microsoft.windows.common-controls_6595b64144ccf1df_6.0.18362.657_none_e6c5b579130e3898\COMCTL32.dll
0x00007fff5f160000 - 0x00007fff5f496000 	C:\WINDOWS\System32\combase.dll
0x00007fff5ea30000 - 0x00007fff5eab0000 	C:\WINDOWS\System32\bcryptPrimitives.dll
0x00007fff5f840000 - 0x00007fff5f86e000 	C:\WINDOWS\System32\IMM32.DLL
0x0000000058680000 - 0x0000000058752000 	D:\intelfpga\16.1\quartus\bin64\jre64\bin\msvcr100.dll
0x0000000057600000 - 0x0000000057e2a000 	D:\intelfpga\16.1\quartus\bin64\jre64\bin\server\jvm.dll
0x00007fff5f150000 - 0x00007fff5f158000 	C:\WINDOWS\System32\PSAPI.DLL
0x00007fff4f230000 - 0x00007fff4f239000 	C:\WINDOWS\SYSTEM32\WSOCK32.dll
0x00007fff56960000 - 0x00007fff56984000 	C:\WINDOWS\SYSTEM32\WINMM.dll
0x00007fff5fc10000 - 0x00007fff5fc7f000 	C:\WINDOWS\System32\WS2_32.dll
0x00007fff56930000 - 0x00007fff5695d000 	C:\WINDOWS\SYSTEM32\WINMMBASE.dll
0x00007fff5ed00000 - 0x00007fff5ed4a000 	C:\WINDOWS\System32\cfgmgr32.dll
0x0000000058640000 - 0x000000005867f000 	D:\intelfpga\16.1\quartus\bin64\jre64\bin\splashscreen.dll
0x00007fff5c380000 - 0x00007fff5c419000 	C:\WINDOWS\system32\uxtheme.dll
0x0000000058630000 - 0x000000005863f000 	D:\intelfpga\16.1\quartus\bin64\jre64\bin\verify.dll
0x0000000058600000 - 0x0000000058628000 	D:\intelfpga\16.1\quartus\bin64\jre64\bin\java.dll
0x00007fff60b10000 - 0x00007fff60c45000 	C:\WINDOWS\System32\MSCTF.dll
0x00007fff5fa60000 - 0x00007fff5fb24000 	C:\WINDOWS\System32\OLEAUT32.dll
0x00007fff46860000 - 0x00007fff468e7000 	C:\Program Files (x86)\TeamViewer\tv_x64.dll
0x00007fff5fdc0000 - 0x00007fff604a5000 	C:\WINDOWS\System32\SHELL32.dll
0x00007fff5f790000 - 0x00007fff5f839000 	C:\WINDOWS\System32\shcore.dll
0x00007fff5a750000 - 0x00007fff5a75a000 	C:\WINDOWS\SYSTEM32\VERSION.dll
0x00007fff5deb0000 - 0x00007fff5e62f000 	C:\WINDOWS\System32\windows.storage.dll
0x00007fff5de90000 - 0x00007fff5deaf000 	C:\WINDOWS\System32\profapi.dll
0x00007fff5de20000 - 0x00007fff5de6a000 	C:\WINDOWS\System32\powrprof.dll
0x00007fff5ddf0000 - 0x00007fff5de00000 	C:\WINDOWS\System32\UMPDC.dll
0x00007fff5f730000 - 0x00007fff5f782000 	C:\WINDOWS\System32\shlwapi.dll
0x00007fff5de70000 - 0x00007fff5de81000 	C:\WINDOWS\System32\kernel.appcore.dll
0x00007fff5e9e0000 - 0x00007fff5e9f7000 	C:\WINDOWS\System32\cryptsp.dll
0x00007fff5efd0000 - 0x00007fff5f126000 	C:\WINDOWS\System32\ole32.dll
0x00000000585e0000 - 0x00000000585f6000 	D:\intelfpga\16.1\quartus\bin64\jre64\bin\zip.dll
0x00007fff4e240000 - 0x00007fff4e2de000 	C:\WINDOWS\System32\TextInputFramework.dll
0x00007fff5be30000 - 0x00007fff5bf04000 	C:\WINDOWS\System32\CoreMessaging.dll
0x00007fff5a180000 - 0x00007fff5a4aa000 	C:\WINDOWS\System32\CoreUIComponents.dll
0x00007fff5a020000 - 0x00007fff5a173000 	C:\WINDOWS\SYSTEM32\wintypes.dll
0x00007fff5cf00000 - 0x00007fff5cf31000 	C:\WINDOWS\SYSTEM32\ntmarta.dll
0x00007fff4cc10000 - 0x00007fff4ceb6000 	C:\WINDOWS\System32\iertutil.dll
0x00007fff60a60000 - 0x00007fff60b02000 	C:\WINDOWS\System32\clbcatq.dll
0x0000000058440000 - 0x00000000585d6000 	D:\intelFPGA\16.1\quartus\bin64\jre64\bin\awt.dll
0x00007fff5c040000 - 0x00007fff5c0cf000 	C:\WINDOWS\SYSTEM32\apphelp.dll
0x00007fff5c510000 - 0x00007fff5c53d000 	C:\WINDOWS\system32\DWMAPI.DLL
0x00007fff5a8a0000 - 0x00007fff5a8a6000 	D:\intelFPGA\16.1\quartus\bin64\sld_utiljni.dll
0x00007fff461e0000 - 0x00007fff462cf000 	D:\intelFPGA\16.1\quartus\bin64\MSVCR120.dll
0x0000000058970000 - 0x0000000058af7000 	D:\intelFPGA\16.1\quartus\bin64\tcl86.dll
0x00007fff5a7c0000 - 0x00007fff5a7d7000 	C:\WINDOWS\SYSTEM32\NETAPI32.dll
0x00007fff5d420000 - 0x00007fff5d42c000 	C:\WINDOWS\SYSTEM32\NETUTILS.DLL
0x00007fff56780000 - 0x00007fff56798000 	C:\WINDOWS\SYSTEM32\SAMCLI.DLL
0x00007fff5d430000 - 0x00007fff5d472000 	C:\WINDOWS\SYSTEM32\LOGONCLI.DLL
0x00007fff44420000 - 0x00007fff444e0000 	D:\intelFPGA\16.1\quartus\bin64\ccl_sqlite3.dll
0x00007fff55960000 - 0x00007fff55970000 	D:\intelFPGA\16.1\quartus\bin64\ccl_sqlite3_jdbc_jni_bridge.dll
0x0000000058420000 - 0x000000005843a000 	D:\intelFPGA\16.1\quartus\bin64\jre64\bin\net.dll
0x00007fff5d660000 - 0x00007fff5d6c7000 	C:\WINDOWS\system32\mswsock.dll
0x00007fff5d310000 - 0x00007fff5d34a000 	C:\WINDOWS\SYSTEM32\IPHLPAPI.DLL
0x00007fff5f650000 - 0x00007fff5f658000 	C:\WINDOWS\System32\NSI.dll
0x00007fff54070000 - 0x00007fff54086000 	C:\WINDOWS\SYSTEM32\dhcpcsvc6.DLL
0x00007fff54050000 - 0x00007fff5406c000 	C:\WINDOWS\SYSTEM32\dhcpcsvc.DLL
0x00007fff5d350000 - 0x00007fff5d41a000 	C:\WINDOWS\SYSTEM32\DNSAPI.dll
0x00007fff4ed80000 - 0x00007fff4ef47000 	C:\WINDOWS\system32\d3d9.dll
0x00007fff5ca60000 - 0x00007fff5ca80000 	C:\WINDOWS\SYSTEM32\dxcore.dll
0x00007fff58fc0000 - 0x00007fff590ae000 	C:\WINDOWS\System32\DriverStore\FileRepository\nv_dispi.inf_amd64_db678424d2641c3d\nvldumdx.dll
0x00007fff5ebb0000 - 0x00007fff5ecf9000 	C:\WINDOWS\System32\crypt32.dll
0x00007fff5de00000 - 0x00007fff5de12000 	C:\WINDOWS\System32\MSASN1.dll
0x00007fff5e6d0000 - 0x00007fff5e72c000 	C:\WINDOWS\System32\WINTRUST.DLL
0x00007fff5f130000 - 0x00007fff5f14d000 	C:\WINDOWS\System32\imagehlp.dll
0x00007fff5d170000 - 0x00007fff5d1a3000 	C:\WINDOWS\system32\rsaenh.dll
0x00007fff5ed50000 - 0x00007fff5ed76000 	C:\WINDOWS\System32\bcrypt.dll
0x00007fff5d830000 - 0x00007fff5d83c000 	C:\WINDOWS\SYSTEM32\CRYPTBASE.dll
0x00007ffefc6a0000 - 0x00007ffefdb3b000 	C:\WINDOWS\System32\DriverStore\FileRepository\nv_dispi.inf_amd64_db678424d2641c3d\nvd3dumx.dll
0x0000000180000000 - 0x00000001802b1000 	C:\WINDOWS\system32\nvspcap64.dll
0x00000000583d0000 - 0x0000000058417000 	D:\intelFPGA\16.1\quartus\bin64\jre64\bin\fontmanager.dll
0x00000000583b0000 - 0x00000000583c1000 	D:\intelFPGA\16.1\quartus\bin64\jre64\bin\nio.dll
0x00007fff44ec0000 - 0x00007fff44f69000 	C:\WINDOWS\WinSxS\amd64_microsoft.windows.common-controls_6595b64144ccf1df_5.82.18362.657_none_2a27eafe46699ec9\comctl32.dll
0x0000000058360000 - 0x00000000583a1000 	D:\intelFPGA\16.1\quartus\bin64\jre64\bin\t2k.dll
0x0000000013aa0000 - 0x0000000013cf3000 	D:\intelFPGA\16.1\quartus\bin64\nlview.dll
0x00007fff5f990000 - 0x00007fff5fa60000 	C:\WINDOWS\System32\comdlg32.dll
0x00007fff4aca0000 - 0x00007fff4ad29000 	C:\WINDOWS\SYSTEM32\WINSPOOL.DRV
0x00007fff5c6a0000 - 0x00007fff5c78f000 	C:\WINDOWS\SYSTEM32\PROPSYS.dll
0x00007fff59e70000 - 0x00007fff5a01f000 	C:\WINDOWS\SYSTEM32\WindowsCodecs.dll
0x00007fff54900000 - 0x00007fff5493a000 	C:\WINDOWS\system32\dataexchange.dll
0x00007fff5b220000 - 0x00007fff5b47b000 	C:\WINDOWS\system32\d3d11.dll
0x00007fff5b8e0000 - 0x00007fff5babb000 	C:\WINDOWS\system32\dcomp.dll
0x00007fff5caf0000 - 0x00007fff5cbdb000 	C:\WINDOWS\system32\dxgi.dll
0x00007fff59b40000 - 0x00007fff59d9a000 	C:\WINDOWS\system32\twinapi.appcore.dll
0x00007fff59b10000 - 0x00007fff59b39000 	C:\WINDOWS\system32\RMCLIENT.dll
0x00007fff5a930000 - 0x00007fff5a946000 	C:\WINDOWS\system32\NetworkExplorer.dll
0x00007fff3fa10000 - 0x00007fff3fa6e000 	C:\Windows\System32\thumbcache.dll
0x00007fff567e0000 - 0x00007fff567fb000 	C:\WINDOWS\System32\MPR.dll
0x00007fff5c370000 - 0x00007fff5c37b000 	C:\WINDOWS\System32\drprov.dll
0x00007fff5d570000 - 0x00007fff5d5cc000 	C:\WINDOWS\System32\WINSTA.dll
0x00007fff568c0000 - 0x00007fff568d5000 	C:\WINDOWS\System32\ntlanman.dll
0x00007fff568a0000 - 0x00007fff568bd000 	C:\WINDOWS\System32\davclnt.dll
0x00007fff543e0000 - 0x00007fff543ec000 	C:\WINDOWS\System32\DAVHLPR.dll
0x00007fff52820000 - 0x00007fff52837000 	C:\WINDOWS\System32\wkscli.dll
0x00007fff50860000 - 0x00007fff50872000 	C:\WINDOWS\SYSTEM32\cscapi.dll
0x00007fff00480000 - 0x00007fff004d3000 	C:\Windows\System32\dlnashext.dll
0x00007fff2a5f0000 - 0x00007fff2a654000 	C:\Windows\System32\PlayToDevice.dll
0x00007fff495f0000 - 0x00007fff49610000 	C:\Windows\System32\DevDispItemProvider.dll
0x00007fff523a0000 - 0x00007fff52412000 	C:\WINDOWS\System32\MMDevApi.dll
0x00007fff5dbf0000 - 0x00007fff5dc1a000 	C:\WINDOWS\System32\DEVOBJ.dll
0x00007fff37a90000 - 0x00007fff37b2b000 	C:\WINDOWS\system32\wpdshext.dll
0x00007fff4eaa0000 - 0x00007fff4ec43000 	C:\WINDOWS\WinSxS\amd64_microsoft.windows.gdiplus_6595b64144ccf1df_1.1.18362.657_none_17b0a85e6da0b266\gdiplus.dll
0x00007fff5c470000 - 0x00007fff5c50e000 	C:\Windows\System32\PortableDeviceApi.dll
0x00007fff60550000 - 0x00007fff609c0000 	C:\WINDOWS\System32\SETUPAPI.dll
0x00007fff47a10000 - 0x00007fff47a47000 	C:\Windows\System32\EhStorShell.dll
0x00007fff53120000 - 0x00007fff53145000 	C:\Windows\System32\EhStorAPI.dll
0x00007fff590b0000 - 0x00007fff590c3000 	C:\Windows\System32\WTSAPI32.dll
0x00007fff552e0000 - 0x00007fff552ed000 	C:\WINDOWS\System32\LINKINFO.dll
0x00007fff41550000 - 0x00007fff415e3000 	C:\Windows\System32\appresolver.dll
0x00007fff5dd10000 - 0x00007fff5dd35000 	C:\Windows\System32\USERENV.dll
0x00007fff55130000 - 0x00007fff5518d000 	C:\Windows\System32\Bcp47Langs.dll
0x00007fff5cd00000 - 0x00007fff5cd27000 	C:\Windows\System32\SLC.dll
0x00007fff5ccd0000 - 0x00007fff5ccf6000 	C:\Windows\System32\sppc.dll
0x00007fff4e5d0000 - 0x00007fff4e5dc000 	C:\WINDOWS\System32\Secur32.dll
0x00007fff5dce0000 - 0x00007fff5dd0f000 	C:\WINDOWS\System32\SSPICLI.DLL

VM Arguments:
jvm_args: -Xmx1500M -XX:+UseSerialGC 
java_command: com.altera.ipedit.QsysEditorApp --project-dir=D:/cinnabon/ --family=Cyclone IV GX --part=EP4CGX150DF31C7 --host-controller
java_class_path (initial): D:/intelfpga/16.1/quartus/sopc_builder/model/lib\Nlview.jar;D:/intelfpga/16.1/quartus/sopc_builder/model/lib\QuickServer.jar;D:/intelfpga/16.1/quartus/sopc_builder/model/lib\TableLayout.jar;D:/intelfpga/16.1/quartus/sopc_builder/model/lib\appframework-1.03.jar;D:/intelfpga/16.1/quartus/sopc_builder/model/lib\asm-3.1.jar;D:/intelfpga/16.1/quartus/sopc_builder/model/lib\asm-commons-3.1.jar;D:/intelfpga/16.1/quartus/sopc_builder/model/lib\basicmodel.jar;D:/intelfpga/16.1/quartus/sopc_builder/model/lib\beansbinding-1.2.1.jar;D:/intelfpga/16.1/quartus/sopc_builder/model/lib\binding-2.0.6.jar;D:/intelfpga/16.1/quartus/sopc_builder/model/lib\com.altera.componenteditor2.jar;D:/intelfpga/16.1/quartus/sopc_builder/model/lib\com.altera.embeddedsw.app_lib.jar;D:/intelfpga/16.1/quartus/sopc_builder/model/lib\com.altera.embeddedsw.bsp.editor.jar;D:/intelfpga/16.1/quartus/sopc_builder/model/lib\com.altera.embeddedsw.bsp.elements.jar;D:/intelfpga/16.1/quartus/sopc_builder/model/lib\com.altera.embeddedsw.bsp.jar;D:/intelfpga/16.1/quartus/sopc_builder/model/lib\com.altera.embeddedsw.bsp.plugin.core.jar;D:/intelfpga/16.1/quartus/sopc_builder/model/lib\com.altera.embeddedsw.bsp.plugin.hal.jar;D:/intelfpga/16.1/quartus/sopc_builder/model/lib\com.altera.embeddedsw.bsp.plugin.lwhal.jar;D:/intelfpga/16.1/quartus/sopc_builder/model/lib\com.altera.embeddedsw.bsp.schema.jar;D:/intelfpga/16.1/quartus/sopc_builder/model/lib\com.altera.embeddedsw.bsp.scripting.jar;D:/intelfpga/16.1/quartus/sopc_builder/model/lib\com.altera.embeddedsw.commandline.jar;D:/intelfpga/16.1/quartus/sopc_builder/model/lib\com.altera.embeddedsw.cpexample.jar;D:/intelfpga/16.1/quartus/sopc_builder/model/lib\com.altera.embeddedsw.flash.jar;D:/intelfpga/16.1/quartus/sopc_builder/model/lib\com.altera.embeddedsw.launch.jar;D:/intelfpga/16.1/quartus/sopc_builder/model/lib\com.altera.embeddedsw.swinfo.jar;D:/intelfpga/16.1/quartus/sopc_builder/model/lib\com.altera.embeddedsw.utilities.jar;D:/intelfp
Launcher Type: SUN_STANDARD

Environment Variables:
PATH=D:/intelfpga/16.1/quartus/bin64;d:\intelfpga\16.1\quartus\bin64\;D:\Qwt\qwt-6.1.4\lib;C:\Program Files (x86)\NVIDIA Corporation\PhysX\Common;D:\MentorGraphics\9.4PADS\SDD_HOME\common\win32\bin;D:\MentorGraphics\9.4PADS\SDD_HOME\common\win32\lib;D:\MentorGraphics\9.4PADS\MGC_HOME.ixn\bin;D:\MentorGraphics\9.4PADS\MGC_HOME.ixn\lib;C:\WINDOWS\system32;C:\WINDOWS;C:\WINDOWS\System32\Wbem;C:\WINDOWS\System32\WindowsPowerShell\v1.0\;C:\Program Files\TortoiseSVN\bin;C:\Program Files\Cinterion\Module Exchange Suite\;C:\Program Files (x86)\Skype\Phone\;C:\Program Files (x86)\IVI Foundation\IVI\bin;C:\Program Files\IVI Foundation\IVI\bin;C:\Program Files (x86)\IVI Foundation\VISA\WinNT\Bin\;C:\Program Files\IVI Foundation\VISA\Win64\Bin\;C:\Program Files (x86)\IVI Foundation\VISA\WinNT\Bin;C:\Program Files\Git\cmd;D:\intelFPGA\16.1\modelsim_ae\win32aloem\;C:\Program Files (x86)\CMake 2.8\bin;C:\Program Files\Microsoft SQL Server\110\Tools\Binn\;D:\Keysight\SystemVue2015.01\ModelBuilder\include\SystemVue\Models;D:\Keysight\SystemVue2015.01\ModelBuilder\SystemVue_Model_Builder\source\SystemVue;C:\Program Files\CMake\bin;D:\MATLAB\R2018a\runtime\win64;D:\MATLAB\R2018a\bin;C:\WINDOWS\System32\OpenSSH\;D:\MentorGraphics\9.4PADS\SDD_HOME\CAMCAD;D:\MentorGraphics\9.4PADS\SDD_HOME\common\win32\lib;C:\Program Files (x86)\proXPN\bin;D:\modeltech64_10.7\win64;D:\Keysight\SystemVue2015.01\ModelBuilder\include\SystemVue\Models;D:\Keysight\SystemVue2015.01\ModelBuilder\SystemVue_Model_Builder\source\SystemVue;D:\intelFPGA\16.1\modelsim_ae\win32aloem;C:\Users\klutc_000\AppData\Local\Microsoft\WindowsApps;
USERNAME=klutc_000
OS=Windows_NT
PROCESSOR_IDENTIFIER=Intel64 Family 6 Model 60 Stepping 3, GenuineIntel



---------------  S Y S T E M  ---------------

OS: Windows 8.1 , 64 bit Build 9600 

CPU:total 8 (4 cores per cpu, 2 threads per core) family 6 model 60 stepping 3, cmov, cx8, fxsr, mmx, sse, sse2, sse3, ssse3, sse4.1, sse4.2, popcnt, avx, avx2, aes, clmul, erms, ht, tsc, tscinvbit

Memory: 4k page, physical 8329184k(2546536k free), swap 11613248k(1905716k free)

vm_info: Java HotSpot(TM) 64-Bit Server VM (25.5-b02) for windows-amd64 JRE (1.8.0_05-b13), built on Mar 18 2014 01:08:39 by "java_re" with MS VC++ 10.0 (VS2010)

time: Sun Feb 16 20:30:43 2020
elapsed time: 548 seconds

