Info: Starting: Create simulation model
Info: qsys-generate D:\cinnabon_fpga\cores\nco.qsys --simulation=VERILOG --allow-mixed-language-simulation --output-directory=D:\cinnabon_fpga\cores\nco\simulation --family="Cyclone IV GX" --part=EP4CGX150DF31C7
Progress: Loading cores/nco.qsys
Progress: Reading input file
Progress: Adding nco_ii_0 [altera_nco_ii 16.1]
Progress: Parameterizing module nco_ii_0
Progress: Building connections
Progress: Parameterizing connections
Progress: Validating
Progress: Done reading input file
Info: nco: Generating nco "nco" for SIM_VERILOG
Info: nco_ii_0: "nco" instantiated altera_nco_ii "nco_ii_0"
Info: nco: Done "nco" with 2 modules, 34 files
Info: qsys-generate succeeded.
Info: Finished: Create simulation model
Info: Starting: Create Modelsim Project.
Info: sim-script-gen --spd=D:\cinnabon_fpga\cores\nco\nco.spd --output-directory=D:/cinnabon_fpga/cores/nco/simulation/ --use-relative-paths=true
Info: Doing: ip-make-simscript --spd=D:\cinnabon_fpga\cores\nco\nco.spd --output-directory=D:/cinnabon_fpga/cores/nco/simulation/ --use-relative-paths=true
Info: Generating the following file(s) for MODELSIM simulator in D:/cinnabon_fpga/cores/nco/simulation/ directory:
Info: 	mentor/msim_setup.tcl
Info: Generating the following file(s) for VCS simulator in D:/cinnabon_fpga/cores/nco/simulation/ directory:
Info: 	synopsys/vcs/vcs_setup.sh
Info: Generating the following file(s) for VCSMX simulator in D:/cinnabon_fpga/cores/nco/simulation/ directory:
Info: 	synopsys/vcsmx/synopsys_sim.setup
Info: 	synopsys/vcsmx/vcsmx_setup.sh
Info: Generating the following file(s) for NCSIM simulator in D:/cinnabon_fpga/cores/nco/simulation/ directory:
Info: 	cadence/cds.lib
Info: 	cadence/hdl.var
Info: 	cadence/ncsim_setup.sh
Info: 	1 .cds.lib files in cadence/cds_libs/ directory
Info: Generating the following file(s) for RIVIERA simulator in D:/cinnabon_fpga/cores/nco/simulation/ directory:
Info: 	aldec/rivierapro_setup.tcl
Info: For information on how to simulate your IP, see the explanatory comments in the simulator-specific subdirectories under D:/cinnabon_fpga/cores/nco/simulation/.
Info: Regenerate these scripts whenever you make any change to any Quartus-generated IP in your project.
Info: Finished: Create Modelsim Project.
Info: Starting: Create block symbol file (.bsf)
Info: qsys-generate D:\cinnabon_fpga\cores\nco.qsys --block-symbol-file --output-directory=D:\cinnabon_fpga\cores\nco --family="Cyclone IV GX" --part=EP4CGX150DF31C7
Progress: Loading cores/nco.qsys
Progress: Reading input file
Progress: Adding nco_ii_0 [altera_nco_ii 16.1]
Progress: Parameterizing module nco_ii_0
Progress: Building connections
Progress: Parameterizing connections
Progress: Validating
Progress: Done reading input file
Info: qsys-generate succeeded.
Info: Finished: Create block symbol file (.bsf)
Info: 
Info: Starting: Create HDL design files for synthesis
Info: qsys-generate D:\cinnabon_fpga\cores\nco.qsys --synthesis=VERILOG --output-directory=D:\cinnabon_fpga\cores\nco\synthesis --family="Cyclone IV GX" --part=EP4CGX150DF31C7
Progress: Loading cores/nco.qsys
Progress: Reading input file
Progress: Adding nco_ii_0 [altera_nco_ii 16.1]
Progress: Parameterizing module nco_ii_0
Progress: Building connections
Progress: Parameterizing connections
Progress: Validating
Progress: Done reading input file
Info: nco: Generating nco "nco" for QUARTUS_SYNTH
Info: nco_ii_0: "nco" instantiated altera_nco_ii "nco_ii_0"
Info: nco: Done "nco" with 2 modules, 21 files
Info: qsys-generate succeeded.
Info: Finished: Create HDL design files for synthesis
